[22-09-2023 21:38:12.211 INFO com.vmo.nopcommerce.helper.Log] - Open browser
[22-09-2023 21:38:21.214 INFO com.vmo.nopcommerce.helper.Log] - Open Home of Nopcommer
[22-09-2023 21:38:21.345 INFO com.vmo.nopcommerce.helper.Log] - Verify that you are on the home page is succeed
[22-09-2023 21:38:21.466 INFO com.vmo.nopcommerce.helper.Log] - Send key to text box has value: Nokia
[22-09-2023 21:38:21.486 INFO com.vmo.nopcommerce.helper.Log] - Sendkey on Search textbox is succeed
[22-09-2023 21:38:22.644 INFO com.vmo.nopcommerce.helper.Log] - Click on search button is succeed
[22-09-2023 21:38:22.710 INFO com.vmo.nopcommerce.helper.Log] - Perform search has result success
[22-09-2023 21:38:22.710 INFO com.vmo.nopcommerce.helper.Log] - Verify product's name contains keyword is succeed
[22-09-2023 21:38:22.801 INFO com.vmo.nopcommerce.helper.Log] - Send key to text box has value: Samsung A12
[22-09-2023 21:38:23.365 INFO com.vmo.nopcommerce.helper.Log] - Perform search no result success
[22-09-2023 21:38:23.366 INFO com.vmo.nopcommerce.helper.Log] - Verify message(No products were found that matched your criteria.) is displayed
[22-09-2023 21:38:23.973 INFO com.vmo.nopcommerce.helper.Log] - Verify that clean browser and driver are succeed
[22-09-2023 21:38:25.341 INFO com.vmo.nopcommerce.helper.Log] - Open browser
[22-09-2023 21:38:27.363 INFO com.vmo.nopcommerce.helper.Log] - Open Home of Nopcommer
[22-09-2023 21:38:27.383 INFO com.vmo.nopcommerce.helper.Log] - Verify that you are on the home page is succeed
[22-09-2023 21:38:29.452 INFO com.vmo.nopcommerce.helper.Log] - Verify that you are on the software page is succeed
[22-09-2023 21:38:33.219 INFO com.vmo.nopcommerce.helper.Log] - Sort in descending success
[22-09-2023 21:38:33.219 INFO com.vmo.nopcommerce.helper.Log] - Verify the sort option appear on the screen is succeed
[22-09-2023 21:38:33.221 INFO com.vmo.nopcommerce.helper.Log] - Verify the sort function works correctly
[22-09-2023 21:38:33.735 INFO com.vmo.nopcommerce.helper.Log] - Verify that clean browser and driver are succeed
[22-09-2023 21:38:34.907 INFO com.vmo.nopcommerce.helper.Log] - Open browser
[22-09-2023 21:38:35.877 INFO com.vmo.nopcommerce.helper.Log] - Open Home of Nopcommer
[22-09-2023 21:38:35.899 INFO com.vmo.nopcommerce.helper.Log] - Verify that you are on the home page is succeed
[22-09-2023 21:38:36.000 INFO com.vmo.nopcommerce.helper.Log] - Title of news New online store is open!
[22-09-2023 21:38:37.133 INFO com.vmo.nopcommerce.helper.Log] - Verify that you are on the article chosen is succeed
[22-09-2023 21:38:37.329 INFO com.vmo.nopcommerce.helper.Log] - Send key to text box has value: comment 1
[22-09-2023 21:38:37.549 INFO com.vmo.nopcommerce.helper.Log] - Send key to text box has value: The news is great!
[22-09-2023 21:38:38.330 INFO com.vmo.nopcommerce.helper.Log] - Verify the message (News comment is successfully added.) is displayed
[22-09-2023 21:38:38.617 INFO com.vmo.nopcommerce.helper.Log] - Add in comment success
[22-09-2023 21:38:38.618 INFO com.vmo.nopcommerce.helper.Log] - Verify the new comment has added
[22-09-2023 21:38:39.151 INFO com.vmo.nopcommerce.helper.Log] - Verify that clean browser and driver are succeed
[22-09-2023 21:38:40.451 INFO com.vmo.nopcommerce.helper.Log] - Open browser
[22-09-2023 21:38:41.950 INFO com.vmo.nopcommerce.helper.Log] - Open Home of Nopcommer
[22-09-2023 21:38:41.961 INFO com.vmo.nopcommerce.helper.Log] - Verify that you are on the home page is succeed
[22-09-2023 21:38:43.331 INFO com.vmo.nopcommerce.helper.Log] - Select option on select: Euro
[22-09-2023 21:38:43.438 INFO com.vmo.nopcommerce.helper.Log] - Verify that the label of the chosen currency is displayed on screen
[22-09-2023 21:38:43.546 INFO com.vmo.nopcommerce.helper.Log] - Exchange is display on screen
[22-09-2023 21:38:43.546 INFO com.vmo.nopcommerce.helper.Log] - Verify the prices start with the symbol of the currency is displayed on screen
[22-09-2023 21:38:44.133 INFO com.vmo.nopcommerce.helper.Log] - Verify that clean browser and driver are succeed
[22-09-2023 21:38:45.352 INFO com.vmo.nopcommerce.helper.Log] - Open browser
[22-09-2023 21:38:46.769 INFO com.vmo.nopcommerce.helper.Log] - Open Home of Nopcommer
[22-09-2023 21:38:46.779 INFO com.vmo.nopcommerce.helper.Log] - Verify that you are on the home page is succeed
[22-09-2023 21:38:48.469 INFO com.vmo.nopcommerce.helper.Log] - Open social success
[22-09-2023 21:38:48.470 INFO com.vmo.nopcommerce.helper.Log] - Verify that the new tab shows correctly with the title of the chosen social media
[22-09-2023 21:38:49.077 INFO com.vmo.nopcommerce.helper.Log] - Verify that clean browser and driver are succeed
[22-09-2023 21:38:51.677 INFO com.vmo.nopcommerce.helper.Log] - Verify that you are on the home page is succeed
[22-09-2023 21:38:52.722 INFO com.vmo.nopcommerce.helper.Log] - Verify that you are on the registation page is succeed
[22-09-2023 21:38:53.083 INFO com.vmo.nopcommerce.helper.Log] - Send key to text box value: Thom
[22-09-2023 21:38:53.224 INFO com.vmo.nopcommerce.helper.Log] - Send key to text box value: Ba
[22-09-2023 21:38:53.630 INFO com.vmo.nopcommerce.helper.Log] - Send key to text box value: thombt@gmail.com
[22-09-2023 21:38:53.720 INFO com.vmo.nopcommerce.helper.Log] - Send key to text box value: VMO JAPAN
[22-09-2023 21:38:53.795 INFO com.vmo.nopcommerce.helper.Log] - Send key to text box value: Abc@1234
[22-09-2023 21:38:53.878 INFO com.vmo.nopcommerce.helper.Log] - Send key to text box value: Abc@1234
[22-09-2023 21:38:54.641 INFO com.vmo.nopcommerce.helper.Log] - Register successful
[22-09-2023 21:38:54.714 INFO com.vmo.nopcommerce.helper.Log] - Verify message(Your registration completed) is displayed
[22-09-2023 21:38:55.178 INFO com.vmo.nopcommerce.helper.Log] - Verify clear browser and driver are succeed
[22-09-2023 21:38:56.327 INFO com.vmo.nopcommerce.helper.Log] - Open browser
[22-09-2023 21:38:57.675 INFO com.vmo.nopcommerce.helper.Log] - Open Home of Nopcommer
[22-09-2023 21:38:57.692 INFO com.vmo.nopcommerce.helper.Log] - Verify that you are on the home page is succeed
[22-09-2023 21:38:58.804 INFO com.vmo.nopcommerce.helper.Log] - Verify that you are on the login page is succeed
[22-09-2023 21:38:59.316 INFO com.vmo.nopcommerce.helper.Log] - Verify that you are on the password recovery page is succeed
[22-09-2023 21:38:59.566 INFO com.vmo.nopcommerce.helper.Log] - Send key to textbox value: thombt@rikkei.com
[22-09-2023 21:39:00.119 INFO com.vmo.nopcommerce.helper.Log] - Send new pass to email success
[22-09-2023 21:39:00.172 INFO com.vmo.nopcommerce.helper.Log] - Verify the message(Email with instructions has been sent to you.) is displayed
[22-09-2023 21:39:01.064 INFO com.vmo.nopcommerce.helper.Log] - Open gmail is success
[22-09-2023 21:39:01.264 INFO com.vmo.nopcommerce.helper.Log] - Send key to textbox value: thombt@rikkei.com
[22-09-2023 21:39:01.964 INFO com.vmo.nopcommerce.helper.Log] - Log in gmail successful
[22-09-2023 21:39:02.439 INFO com.vmo.nopcommerce.helper.Log] - Clear Browser and driver
