[26-09-2023 22:36:49.467 INFO com.vmo.nopcommerce.helper.Log] - Open browser
[26-09-2023 22:36:50.285 INFO com.vmo.nopcommerce.helper.Log] - Open Login page
[26-09-2023 22:36:50.296 INFO com.vmo.nopcommerce.helper.Log] - Platform.getCurrent().toString(): Windows 11
[26-09-2023 22:36:50.329 INFO com.vmo.nopcommerce.helper.Log] - Path excel: C:\selenium\Training\vmo-fresher-selenium-hybrid\src\main\resources\
[26-09-2023 22:36:50.329 INFO com.vmo.nopcommerce.helper.Log] - currentDir: C:\selenium\Training\vmo-fresher-selenium-hybrid
[26-09-2023 22:36:51.322 INFO com.vmo.nopcommerce.helper.Log] - File name: data
[26-09-2023 22:36:51.658 INFO com.vmo.nopcommerce.helper.Log] - Send key to textbox value: standard_user
[26-09-2023 22:36:51.767 INFO com.vmo.nopcommerce.helper.Log] - Send key to textbox value: sauce_secret
[26-09-2023 22:36:51.838 INFO com.vmo.nopcommerce.helper.Log] - Click on login button
[26-09-2023 22:36:51.974 INFO com.vmo.nopcommerce.helper.Log] - Row: <xml-fragment r="1" spans="1:28" x14ac:dyDescent="0.25" xmlns:r="http://schemas.openxmlformats.org/officeDocument/2006/relationships" xmlns:mc="http://schemas.openxmlformats.org/markup-compatibility/2006" xmlns:x14ac="http://schemas.microsoft.com/office/spreadsheetml/2009/9/ac" xmlns:xr="http://schemas.microsoft.com/office/spreadsheetml/2014/revision" xmlns:xr2="http://schemas.microsoft.com/office/spreadsheetml/2015/revision2" xmlns:xr3="http://schemas.microsoft.com/office/spreadsheetml/2016/revision3" xmlns:main="http://schemas.openxmlformats.org/spreadsheetml/2006/main">
  <main:c r="A1" s="1" t="s">
    <main:v>13</main:v>
  </main:c>
  <main:c r="B1" s="2" t="s">
    <main:v>5</main:v>
  </main:c>
  <main:c r="C1" s="1" t="s">
    <main:v>1</main:v>
  </main:c>
  <main:c r="D1" s="1" t="s">
    <main:v>2</main:v>
  </main:c>
  <main:c r="E1" s="1" t="s">
    <main:v>12</main:v>
  </main:c>
  <main:c r="F1" s="1"/>
  <main:c r="G1" s="2"/>
  <main:c r="H1" s="2"/>
  <main:c r="I1" s="2"/>
  <main:c r="J1" s="2"/>
  <main:c r="K1" s="2"/>
  <main:c r="L1" s="2"/>
  <main:c r="M1" s="2"/>
  <main:c r="N1" s="2"/>
  <main:c r="O1" s="2"/>
  <main:c r="P1" s="2"/>
  <main:c r="Q1" s="2"/>
  <main:c r="R1" s="2"/>
  <main:c r="S1" s="2"/>
  <main:c r="T1" s="2"/>
  <main:c r="U1" s="2"/>
  <main:c r="V1" s="2"/>
  <main:c r="W1" s="2"/>
  <main:c r="X1" s="2"/>
  <main:c r="Y1" s="2"/>
  <main:c r="Z1" s="2"/>
  <main:c r="AA1" s="2"/>
  <main:c r="AB1" s="2"/>
</xml-fragment>
[26-09-2023 22:36:51.975 INFO com.vmo.nopcommerce.helper.Log] - Row: FAILED
