[22-09-2023 22:01:46.357 INFO com.vmo.nopcommerce.helper.Log] - Open browser
[22-09-2023 22:01:47.874 INFO com.vmo.nopcommerce.helper.Log] - Open Home of Nopcommer
[22-09-2023 22:01:47.994 INFO com.vmo.nopcommerce.helper.Log] - Verify on Home successful
[22-09-2023 22:01:48.026 INFO com.vmo.nopcommerce.helper.Log] - Verify that you are on the home page is succeed
[22-09-2023 22:01:48.154 INFO com.vmo.nopcommerce.helper.Log] - Send key to text box has value: Nokia
[22-09-2023 22:01:48.155 INFO com.vmo.nopcommerce.helper.Log] - Sendkey on Search textbox is succeed
[22-09-2023 22:01:49.310 INFO com.vmo.nopcommerce.helper.Log] - Click on button successful
[22-09-2023 22:01:49.310 INFO com.vmo.nopcommerce.helper.Log] - Click on search button is succeed
[22-09-2023 22:01:49.390 INFO com.vmo.nopcommerce.helper.Log] - Perform search has result success
[22-09-2023 22:01:49.390 INFO com.vmo.nopcommerce.helper.Log] - Verify product's name contains keyword is succeed
[22-09-2023 22:01:49.485 INFO com.vmo.nopcommerce.helper.Log] - Send key to text box has value: Samsung A12
[22-09-2023 22:01:49.884 INFO com.vmo.nopcommerce.helper.Log] - Click on button successful
[22-09-2023 22:01:49.994 INFO com.vmo.nopcommerce.helper.Log] - Perform search no result success
[22-09-2023 22:01:49.995 INFO com.vmo.nopcommerce.helper.Log] - Verify message(No products were found that matched your criteria.) is displayed
[22-09-2023 22:01:50.477 INFO com.vmo.nopcommerce.helper.Log] - Verify that clean browser and driver are succeed
[22-09-2023 22:01:51.734 INFO com.vmo.nopcommerce.helper.Log] - Open browser
[22-09-2023 22:01:52.602 INFO com.vmo.nopcommerce.helper.Log] - Open Home of Nopcommer
[22-09-2023 22:01:52.609 INFO com.vmo.nopcommerce.helper.Log] - Verify on Home successful
[22-09-2023 22:01:52.619 INFO com.vmo.nopcommerce.helper.Log] - Verify that you are on the home page is succeed
[22-09-2023 22:01:53.729 INFO com.vmo.nopcommerce.helper.Log] - Click on button successful
[22-09-2023 22:01:54.291 INFO com.vmo.nopcommerce.helper.Log] - Click on button successful
[22-09-2023 22:01:54.376 INFO com.vmo.nopcommerce.helper.Log] - Verify that you are on the software page is succeed
[22-09-2023 22:01:58.038 INFO com.vmo.nopcommerce.helper.Log] - Sort in descending success
[22-09-2023 22:01:58.039 INFO com.vmo.nopcommerce.helper.Log] - Verify the sort option appear on the screen is succeed
[22-09-2023 22:01:58.039 INFO com.vmo.nopcommerce.helper.Log] - Verify the sort function works correctly
[22-09-2023 22:01:58.514 INFO com.vmo.nopcommerce.helper.Log] - Verify that clean browser and driver are succeed
[22-09-2023 22:01:59.770 INFO com.vmo.nopcommerce.helper.Log] - Open browser
[22-09-2023 22:02:01.307 INFO com.vmo.nopcommerce.helper.Log] - Open Home of Nopcommer
[22-09-2023 22:02:01.311 INFO com.vmo.nopcommerce.helper.Log] - Verify on Home successful
[22-09-2023 22:02:01.320 INFO com.vmo.nopcommerce.helper.Log] - Verify that you are on the home page is succeed
[22-09-2023 22:02:01.373 INFO com.vmo.nopcommerce.helper.Log] - Title of news New online store is open!
[22-09-2023 22:02:02.467 INFO com.vmo.nopcommerce.helper.Log] - Click on button successful
[22-09-2023 22:02:02.538 INFO com.vmo.nopcommerce.helper.Log] - Verify that you are on the article chosen is succeed
[22-09-2023 22:02:02.772 INFO com.vmo.nopcommerce.helper.Log] - Send key to text box has value: comment 1
[22-09-2023 22:02:02.884 INFO com.vmo.nopcommerce.helper.Log] - Send key to text box has value: The news is great!
[22-09-2023 22:02:03.682 INFO com.vmo.nopcommerce.helper.Log] - Click on button successful
[22-09-2023 22:02:03.735 INFO com.vmo.nopcommerce.helper.Log] - Verify the message (News comment is successfully added.) is displayed
[22-09-2023 22:02:03.877 INFO com.vmo.nopcommerce.helper.Log] - Add in comment success
[22-09-2023 22:02:03.878 INFO com.vmo.nopcommerce.helper.Log] - Verify the new comment has added
[22-09-2023 22:02:04.325 INFO com.vmo.nopcommerce.helper.Log] - Verify that clean browser and driver are succeed
[22-09-2023 22:02:05.638 INFO com.vmo.nopcommerce.helper.Log] - Open browser
[22-09-2023 22:02:08.548 INFO com.vmo.nopcommerce.helper.Log] - Open Home of Nopcommer
[22-09-2023 22:02:08.558 INFO com.vmo.nopcommerce.helper.Log] - Verify on Home successful
[22-09-2023 22:02:08.567 INFO com.vmo.nopcommerce.helper.Log] - Verify that you are on the home page is succeed
[22-09-2023 22:02:10.057 INFO com.vmo.nopcommerce.helper.Log] - Select option: Euro
[22-09-2023 22:02:10.136 INFO com.vmo.nopcommerce.helper.Log] - Verify that the label of the chosen currency is displayed on screen
[22-09-2023 22:02:10.242 INFO com.vmo.nopcommerce.helper.Log] - Exchange is display on screen
[22-09-2023 22:02:10.243 INFO com.vmo.nopcommerce.helper.Log] - Verify the prices start with the symbol of the currency is displayed on screen
[22-09-2023 22:02:10.803 INFO com.vmo.nopcommerce.helper.Log] - Verify that clean browser and driver are succeed
[22-09-2023 22:02:12.034 INFO com.vmo.nopcommerce.helper.Log] - Open browser
[22-09-2023 22:02:13.478 INFO com.vmo.nopcommerce.helper.Log] - Open Home of Nopcommer
[22-09-2023 22:02:13.481 INFO com.vmo.nopcommerce.helper.Log] - Verify on Home successful
[22-09-2023 22:02:13.488 INFO com.vmo.nopcommerce.helper.Log] - Verify that you are on the home page is succeed
[22-09-2023 22:02:13.616 INFO com.vmo.nopcommerce.helper.Log] - Click on button successful
[22-09-2023 22:02:15.185 INFO com.vmo.nopcommerce.helper.Log] - Open social success
[22-09-2023 22:02:15.186 INFO com.vmo.nopcommerce.helper.Log] - Verify that the new tab shows correctly with the title of the chosen social media
[22-09-2023 22:02:15.708 INFO com.vmo.nopcommerce.helper.Log] - Verify that clean browser and driver are succeed
[22-09-2023 22:02:18.316 INFO com.vmo.nopcommerce.helper.Log] - Verify on Home successful
[22-09-2023 22:02:18.323 INFO com.vmo.nopcommerce.helper.Log] - Verify that you are on the home page is succeed
[22-09-2023 22:02:19.379 INFO com.vmo.nopcommerce.helper.Log] - Click on button successful
[22-09-2023 22:02:19.385 INFO com.vmo.nopcommerce.helper.Log] - Verify that you are on the registation page is succeed
[22-09-2023 22:02:19.456 INFO com.vmo.nopcommerce.helper.Log] - Click on button successful
[22-09-2023 22:02:19.556 INFO com.vmo.nopcommerce.helper.Log] - Send key to text box value: Thom
[22-09-2023 22:02:19.646 INFO com.vmo.nopcommerce.helper.Log] - Send key to text box value: Ba
[22-09-2023 22:02:19.745 INFO com.vmo.nopcommerce.helper.Log] - Select option: 8
[22-09-2023 22:02:19.836 INFO com.vmo.nopcommerce.helper.Log] - Select option: August
[22-09-2023 22:02:19.918 INFO com.vmo.nopcommerce.helper.Log] - Select option: 1998
[22-09-2023 22:02:20.092 INFO com.vmo.nopcommerce.helper.Log] - Send key to text box value: thombt1212@gmail.com
[22-09-2023 22:02:20.295 INFO com.vmo.nopcommerce.helper.Log] - Send key to text box value: VMO JAPAN
[22-09-2023 22:02:20.398 INFO com.vmo.nopcommerce.helper.Log] - Send key to text box value: Abc@1234
[22-09-2023 22:02:20.500 INFO com.vmo.nopcommerce.helper.Log] - Send key to text box value: Abc@1234
[22-09-2023 22:02:21.295 INFO com.vmo.nopcommerce.helper.Log] - Click on button successful
[22-09-2023 22:02:21.297 INFO com.vmo.nopcommerce.helper.Log] - Register successful
[22-09-2023 22:02:21.389 INFO com.vmo.nopcommerce.helper.Log] - Verify message(Your registration completed) is displayed
[22-09-2023 22:02:21.835 INFO com.vmo.nopcommerce.helper.Log] - Verify clear browser and driver are succeed
[22-09-2023 22:02:22.998 INFO com.vmo.nopcommerce.helper.Log] - Open browser
[22-09-2023 22:02:24.381 INFO com.vmo.nopcommerce.helper.Log] - Open Home of Nopcommer
[22-09-2023 22:02:24.387 INFO com.vmo.nopcommerce.helper.Log] - Verify on Home successful
[22-09-2023 22:02:24.395 INFO com.vmo.nopcommerce.helper.Log] - Verify that you are on the home page is succeed
[22-09-2023 22:02:24.981 INFO com.vmo.nopcommerce.helper.Log] - Verify that you are on the login page is succeed
[22-09-2023 22:02:25.498 INFO com.vmo.nopcommerce.helper.Log] - Verify that you are on the password recovery page is succeed
[22-09-2023 22:02:25.682 INFO com.vmo.nopcommerce.helper.Log] - Send key to textbox value: thombt1212@gmail.com
[22-09-2023 22:02:26.237 INFO com.vmo.nopcommerce.helper.Log] - Send new pass to email success
[22-09-2023 22:02:26.283 INFO com.vmo.nopcommerce.helper.Log] - Verify the message(Email with instructions has been sent to you.) is displayed
[22-09-2023 22:02:27.143 INFO com.vmo.nopcommerce.helper.Log] - Open gmail is success
[22-09-2023 22:02:27.268 INFO com.vmo.nopcommerce.helper.Log] - Send key to textbox value: thombt1212@gmail.com
[22-09-2023 22:02:28.115 INFO com.vmo.nopcommerce.helper.Log] - Log in gmail successful
[22-09-2023 22:02:28.583 INFO com.vmo.nopcommerce.helper.Log] - Clear Browser and driver
