[27-09-2023 21:14:42.806 INFO com.vmo.nopcommerce.helper.Log] - Open browser
[27-09-2023 21:14:43.725 INFO com.vmo.nopcommerce.helper.Log] - Open Login page
[27-09-2023 21:14:43.731 INFO com.vmo.nopcommerce.helper.Log] - Platform.getCurrent().toString(): Windows 11
[27-09-2023 21:14:43.756 INFO com.vmo.nopcommerce.helper.Log] - Path excel: C:\selenium\Training\vmo-fresher-selenium-hybrid\src\main\resources\
[27-09-2023 21:14:43.757 INFO com.vmo.nopcommerce.helper.Log] - currentDir: C:\selenium\Training\vmo-fresher-selenium-hybrid
[27-09-2023 21:14:44.765 INFO com.vmo.nopcommerce.helper.Log] - File name: data
[27-09-2023 21:14:45.003 INFO com.vmo.nopcommerce.helper.Log] - Send key to textbox value: standard_user
[27-09-2023 21:14:45.121 INFO com.vmo.nopcommerce.helper.Log] - Send key to textbox value: secret_sauce
[27-09-2023 21:14:45.229 INFO com.vmo.nopcommerce.helper.Log] - Click on login button
[27-09-2023 21:14:45.251 INFO com.vmo.nopcommerce.helper.Log] - url: https://www.saucedemo.com/inventory.html
[27-09-2023 21:14:45.252 INFO com.vmo.nopcommerce.helper.Log] - text url: https://www.saucedemo.com/inventory.html
[27-09-2023 21:14:45.422 INFO com.vmo.nopcommerce.helper.Log] - Row: <xml-fragment r="2" spans="1:28" x14ac:dyDescent="0.25" xmlns:r="http://schemas.openxmlformats.org/officeDocument/2006/relationships" xmlns:mc="http://schemas.openxmlformats.org/markup-compatibility/2006" xmlns:x14ac="http://schemas.microsoft.com/office/spreadsheetml/2009/9/ac" xmlns:xr="http://schemas.microsoft.com/office/spreadsheetml/2014/revision" xmlns:xr2="http://schemas.microsoft.com/office/spreadsheetml/2015/revision2" xmlns:xr3="http://schemas.microsoft.com/office/spreadsheetml/2016/revision3" xmlns:main="http://schemas.openxmlformats.org/spreadsheetml/2006/main">
  <main:c r="A2" s="1">
    <main:v>1</main:v>
  </main:c>
  <main:c r="B2" s="2" t="s">
    <main:v>5</main:v>
  </main:c>
  <main:c r="C2" s="1" t="s">
    <main:v>3</main:v>
  </main:c>
  <main:c r="D2" s="1" t="s">
    <main:v>12</main:v>
  </main:c>
  <main:c r="E2" s="1"/>
  <main:c r="F2" s="1"/>
  <main:c r="G2" s="2"/>
  <main:c r="H2" s="2"/>
  <main:c r="I2" s="2"/>
  <main:c r="J2" s="2"/>
  <main:c r="K2" s="2"/>
  <main:c r="L2" s="2"/>
  <main:c r="M2" s="2"/>
  <main:c r="N2" s="2"/>
  <main:c r="O2" s="2"/>
  <main:c r="P2" s="2"/>
  <main:c r="Q2" s="2"/>
  <main:c r="R2" s="2"/>
  <main:c r="S2" s="2"/>
  <main:c r="T2" s="2"/>
  <main:c r="U2" s="2"/>
  <main:c r="V2" s="2"/>
  <main:c r="W2" s="2"/>
  <main:c r="X2" s="2"/>
  <main:c r="Y2" s="2"/>
  <main:c r="Z2" s="2"/>
  <main:c r="AA2" s="2"/>
  <main:c r="AB2" s="2"/>
</xml-fragment>
[27-09-2023 21:14:45.423 INFO com.vmo.nopcommerce.helper.Log] - Row: 
[27-09-2023 21:14:45.520 INFO com.vmo.nopcommerce.helper.Log] - Row: <xml-fragment r="2" spans="1:28" x14ac:dyDescent="0.25" xmlns:r="http://schemas.openxmlformats.org/officeDocument/2006/relationships" xmlns:mc="http://schemas.openxmlformats.org/markup-compatibility/2006" xmlns:x14ac="http://schemas.microsoft.com/office/spreadsheetml/2009/9/ac" xmlns:xr="http://schemas.microsoft.com/office/spreadsheetml/2014/revision" xmlns:xr2="http://schemas.microsoft.com/office/spreadsheetml/2015/revision2" xmlns:xr3="http://schemas.microsoft.com/office/spreadsheetml/2016/revision3" xmlns:main="http://schemas.openxmlformats.org/spreadsheetml/2006/main">
  <main:c r="A2" s="1">
    <main:v>1</main:v>
  </main:c>
  <main:c r="B2" s="2" t="s">
    <main:v>5</main:v>
  </main:c>
  <main:c r="C2" s="1" t="s">
    <main:v>3</main:v>
  </main:c>
  <main:c r="D2" s="1" t="s">
    <main:v>12</main:v>
  </main:c>
  <main:c r="E2" s="1" t="s">
    <main:v>13</main:v>
  </main:c>
  <main:c r="F2" s="1"/>
  <main:c r="G2" s="2"/>
  <main:c r="H2" s="2"/>
  <main:c r="I2" s="2"/>
  <main:c r="J2" s="2"/>
  <main:c r="K2" s="2"/>
  <main:c r="L2" s="2"/>
  <main:c r="M2" s="2"/>
  <main:c r="N2" s="2"/>
  <main:c r="O2" s="2"/>
  <main:c r="P2" s="2"/>
  <main:c r="Q2" s="2"/>
  <main:c r="R2" s="2"/>
  <main:c r="S2" s="2"/>
  <main:c r="T2" s="2"/>
  <main:c r="U2" s="2"/>
  <main:c r="V2" s="2"/>
  <main:c r="W2" s="2"/>
  <main:c r="X2" s="2"/>
  <main:c r="Y2" s="2"/>
  <main:c r="Z2" s="2"/>
  <main:c r="AA2" s="2"/>
  <main:c r="AB2" s="2"/>
</xml-fragment>
[27-09-2023 21:14:45.521 INFO com.vmo.nopcommerce.helper.Log] - Row: PASSED
