[14-09-2023 21:52:49.771 INFO com.vmo.nopcommerce.helper.Log] - Open browser
[14-09-2023 21:52:58.457 INFO com.vmo.nopcommerce.helper.Log] - Open Home of Nopcommer
[14-09-2023 21:52:58.470 INFO com.vmo.nopcommerce.helper.Log] - Verify that you are on the home page is succeed
[14-09-2023 21:52:58.603 INFO com.vmo.nopcommerce.helper.Log] - Sendkey on Search textbox is succeed
[14-09-2023 21:52:59.737 INFO com.vmo.nopcommerce.helper.Log] - Click on search button is succeed
[14-09-2023 21:52:59.796 INFO com.vmo.nopcommerce.helper.Log] - Verify product's name contains keyword is succeed
[14-09-2023 21:53:00.588 INFO com.vmo.nopcommerce.helper.Log] - Verify message(No products were found that matched your criteria.) is displayed
[14-09-2023 21:53:00.947 INFO com.vmo.nopcommerce.helper.Log] - Verify that clean browser and driver are succeed
[14-09-2023 21:53:02.099 INFO com.vmo.nopcommerce.helper.Log] - Open browser
[14-09-2023 21:53:03.716 INFO com.vmo.nopcommerce.helper.Log] - Open Home of Nopcommer
[14-09-2023 21:53:03.723 INFO com.vmo.nopcommerce.helper.Log] - Verify that you are on the home page is succeed
[14-09-2023 21:53:06.154 INFO com.vmo.nopcommerce.helper.Log] - Verify that you are on the software page is succeed
[14-09-2023 21:53:09.861 INFO com.vmo.nopcommerce.helper.Log] - Verify the sort option appear on the screen is succeed
[14-09-2023 21:53:09.862 INFO com.vmo.nopcommerce.helper.Log] - Verify the sort function works correctly
[14-09-2023 21:53:10.243 INFO com.vmo.nopcommerce.helper.Log] - Verify that clean browser and driver are succeed
[14-09-2023 21:53:11.360 INFO com.vmo.nopcommerce.helper.Log] - Open browser
[14-09-2023 21:53:13.267 INFO com.vmo.nopcommerce.helper.Log] - Open Home of Nopcommer
[14-09-2023 21:53:13.275 INFO com.vmo.nopcommerce.helper.Log] - Verify that you are on the home page is succeed
[14-09-2023 21:53:13.326 INFO com.vmo.nopcommerce.helper.Log] - Title of news %s
[14-09-2023 21:53:14.553 INFO com.vmo.nopcommerce.helper.Log] - Verify that you are on the article chosen is succeed
[14-09-2023 21:53:15.513 INFO com.vmo.nopcommerce.helper.Log] - Verify the message (News comment is successfully added.) is displayed
[14-09-2023 21:53:15.629 INFO com.vmo.nopcommerce.helper.Log] - Verify the new comment has added
[14-09-2023 21:53:15.991 INFO com.vmo.nopcommerce.helper.Log] - Verify that clean browser and driver are succeed
[14-09-2023 21:53:17.170 INFO com.vmo.nopcommerce.helper.Log] - Open browser
[14-09-2023 21:53:18.705 INFO com.vmo.nopcommerce.helper.Log] - Open Home of Nopcommer
[14-09-2023 21:53:18.712 INFO com.vmo.nopcommerce.helper.Log] - Verify that you are on the home page is succeed
[14-09-2023 21:53:20.713 INFO com.vmo.nopcommerce.helper.Log] - Verify that the label of the chosen currency is displayed on screen
[14-09-2023 21:53:20.788 INFO com.vmo.nopcommerce.helper.Log] - Verify the prices start with the symbol of the currency is displayed on screen
[14-09-2023 21:53:21.127 INFO com.vmo.nopcommerce.helper.Log] - Verify that clean browser and driver are succeed
[14-09-2023 21:53:22.290 INFO com.vmo.nopcommerce.helper.Log] - Open browser
[14-09-2023 21:53:24.457 INFO com.vmo.nopcommerce.helper.Log] - Open Home of Nopcommer
[14-09-2023 21:53:24.465 INFO com.vmo.nopcommerce.helper.Log] - Verify that you are on the home page is succeed
[14-09-2023 21:53:26.244 INFO com.vmo.nopcommerce.helper.Log] - Verify that the new tab shows correctly with the title of the chosen social media
[14-09-2023 21:53:26.610 INFO com.vmo.nopcommerce.helper.Log] - Verify that clean browser and driver are succeed
